\BOOKMARK [0][-]{chapter.1}{Introducci\363n}{}% 1
\BOOKMARK [1][-]{section.1.1}{Objetivos}{chapter.1}% 2
\BOOKMARK [1][-]{section.1.2}{Motivaci\363n}{chapter.1}% 3
\BOOKMARK [1][-]{section.1.3}{Estructura}{chapter.1}% 4
\BOOKMARK [0][-]{chapter.2}{Revisi\363n de t\351cnicas}{}% 5
\BOOKMARK [1][-]{section.2.1}{Redes neuronales y Deep Learning}{chapter.2}% 6
\BOOKMARK [2][-]{subsection.2.1.1}{Redes neuronales}{section.2.1}% 7
\BOOKMARK [2][-]{subsection.2.1.2}{Aprendizaje por representaci\363n y Deep Learning}{section.2.1}% 8
\BOOKMARK [2][-]{subsection.2.1.3}{Redes neuronales convolucionales}{section.2.1}% 9
\BOOKMARK [1][-]{section.2.2}{Aprendizaje por refuerzo}{chapter.2}% 10
\BOOKMARK [2][-]{subsection.2.2.1}{M\351todos de aprendizaje por refuerzo cl\341sicos}{section.2.2}% 11
\BOOKMARK [3][-]{subsubsection.2.2.1.1}{Q-Learning}{subsection.2.2.1}% 12
\BOOKMARK [3][-]{subsubsection.2.2.1.2}{SARSA}{subsection.2.2.1}% 13
\BOOKMARK [3][-]{subsubsection.2.2.1.3}{M\351todos de actor-cr\355tico}{subsection.2.2.1}% 14
\BOOKMARK [2][-]{subsection.2.2.2}{M\351todos de aprendizaje por refuerzo profundos}{section.2.2}% 15
\BOOKMARK [3][-]{subsubsection.2.2.2.1}{Familia de m\351todos de Deep Q-Learning}{subsection.2.2.2}% 16
\BOOKMARK [3][-]{subsubsection.2.2.2.2}{Familia de m\351todos de actor-cr\355tico}{subsection.2.2.2}% 17
\BOOKMARK [1][-]{section.2.3}{Algoritmos de navegaci\363n aut\363noma}{chapter.2}% 18
\BOOKMARK [2][-]{subsection.2.3.1}{Algoritmos de navegaci\363n reactiva cl\341sicos}{section.2.3}% 19
\BOOKMARK [2][-]{subsection.2.3.2}{Antecedentes al trabajo en navegaci\363n aut\363noma reactiva}{section.2.3}% 20
\BOOKMARK [0][-]{chapter.3}{Habitat: Simulador Habitat Sim y Habitat Lab}{}% 21
\BOOKMARK [1][-]{section.3.1}{Habitat}{chapter.3}% 22
\BOOKMARK [2][-]{subsection.3.1.1}{Simulador Habitat Sim}{section.3.1}% 23
\BOOKMARK [2][-]{subsection.3.1.2}{Librer\355a Habitat Lab}{section.3.1}% 24
\BOOKMARK [1][-]{section.3.2}{Conceptos principales de Habitat}{chapter.3}% 25
\BOOKMARK [2][-]{subsection.3.2.1}{Entornos}{section.3.2}% 26
\BOOKMARK [3][-]{subsubsection.3.2.1.1}{Env}{subsection.3.2.1}% 27
\BOOKMARK [3][-]{subsubsection.3.2.1.2}{RLEnv}{subsection.3.2.1}% 28
\BOOKMARK [2][-]{subsection.3.2.2}{Tareas}{section.3.2}% 29
\BOOKMARK [2][-]{subsection.3.2.3}{Episodios}{section.3.2}% 30
\BOOKMARK [2][-]{subsection.3.2.4}{Conjuntos de datos}{section.3.2}% 31
\BOOKMARK [3][-]{subsubsection.3.2.4.1}{Conjuntos de datos disponibles}{subsection.3.2.4}% 32
\BOOKMARK [3][-]{subsubsection.3.2.4.2}{Estructura de los conjuntos de datos}{subsection.3.2.4}% 33
\BOOKMARK [2][-]{subsection.3.2.5}{Acciones}{section.3.2}% 34
\BOOKMARK [2][-]{subsection.3.2.6}{Sensores}{section.3.2}% 35
\BOOKMARK [2][-]{subsection.3.2.7}{M\351tricas}{section.3.2}% 36
\BOOKMARK [2][-]{subsection.3.2.8}{Entrenadores}{section.3.2}% 37
\BOOKMARK [2][-]{subsection.3.2.9}{Agentes}{section.3.2}% 38
\BOOKMARK [2][-]{subsection.3.2.10}{Benchmarks}{section.3.2}% 39
\BOOKMARK [2][-]{subsection.3.2.11}{Ficheros de configuraci\363n}{section.3.2}% 40
\BOOKMARK [2][-]{subsection.3.2.12}{Registros}{section.3.2}% 41
\BOOKMARK [1][-]{section.3.3}{Instalaci\363n de Habitat}{chapter.3}% 42
\BOOKMARK [2][-]{subsection.3.3.1}{Requisitos}{section.3.3}% 43
\BOOKMARK [2][-]{subsection.3.3.2}{Proceso de instalaci\363n}{section.3.3}% 44
\BOOKMARK [0][-]{chapter.4}{Dise\361o del agente}{}% 45
\BOOKMARK [1][-]{section.4.1}{Caracterizaci\363n del conocimiento}{chapter.4}% 46
\BOOKMARK [2][-]{subsection.4.1.1}{Definici\363n del problema de dise\361o}{section.4.1}% 47
\BOOKMARK [2][-]{subsection.4.1.2}{Caracter\355sticas del agente f\355sico en Habitat}{section.4.1}% 48
\BOOKMARK [2][-]{subsection.4.1.3}{Estado}{section.4.1}% 49
\BOOKMARK [2][-]{subsection.4.1.4}{Acciones}{section.4.1}% 50
\BOOKMARK [2][-]{subsection.4.1.5}{Recompensas}{section.4.1}% 51
\BOOKMARK [3][-]{subsubsection.4.1.5.1}{Preprocesamiento de la imagen de profundidad}{subsection.4.1.5}% 52
\BOOKMARK [3][-]{subsubsection.4.1.5.2}{Identificaci\363n de los obst\341culos y la distancia en la imagen}{subsection.4.1.5}% 53
\BOOKMARK [3][-]{subsubsection.4.1.5.3}{C\341lculo del potencial atractivo y repulsivo}{subsection.4.1.5}% 54
\BOOKMARK [3][-]{subsubsection.4.1.5.4}{C\341lculo de la recompensa final}{subsection.4.1.5}% 55
\BOOKMARK [1][-]{section.4.2}{Arquitectura del agente}{chapter.4}% 56
\BOOKMARK [2][-]{subsection.4.2.1}{Propuesta 1: Red convolucional \(CNN\)}{section.4.2}% 57
\BOOKMARK [2][-]{subsection.4.2.2}{Propuesta 2: Red mixta \(CNN + MLP\)}{section.4.2}% 58
\BOOKMARK [1][-]{section.4.3}{Actuaci\363n del agente}{chapter.4}% 59
\BOOKMARK [1][-]{section.4.4}{Entrenamiento del agente}{chapter.4}% 60
\BOOKMARK [2][-]{subsection.4.4.1}{Replay Memory y memorizaci\363n de la experiencia}{section.4.4}% 61
\BOOKMARK [2][-]{subsection.4.4.2}{Aprendizaje a partir de las experiencias}{section.4.4}% 62
\BOOKMARK [2][-]{subsection.4.4.3}{Documentaci\363n del entrenamiento}{section.4.4}% 63
\BOOKMARK [1][-]{section.4.5}{Implementaci\363n}{chapter.4}% 64
\BOOKMARK [2][-]{subsection.4.5.1}{Dependencias}{section.4.5}% 65
\BOOKMARK [2][-]{subsection.4.5.2}{Estructura del c\363digo}{section.4.5}% 66
\BOOKMARK [0][-]{chapter.5}{Experimentaci\363n}{}% 67
\BOOKMARK [1][-]{section.5.1}{Detalles de la experimentaci\363n}{chapter.5}% 68
\BOOKMARK [2][-]{subsection.5.1.1}{Par\341metros generales utilizados}{section.5.1}% 69
\BOOKMARK [2][-]{subsection.5.1.2}{Experimentos realizados}{section.5.1}% 70
\BOOKMARK [2][-]{subsection.5.1.3}{Gr\341ficos generados durante el entrenamiento}{section.5.1}% 71
\BOOKMARK [2][-]{subsection.5.1.4}{M\351tricas usadas durante la evaluaci\363n}{section.5.1}% 72
\BOOKMARK [1][-]{section.5.2}{Resultados obtenidos}{chapter.5}% 73
\BOOKMARK [2][-]{subsection.5.2.1}{Elecci\363n del conjunto de datos}{section.5.2}% 74
\BOOKMARK [2][-]{subsection.5.2.2}{Agentes con Deep Q-Learning est\341ndar}{section.5.2}% 75
\BOOKMARK [2][-]{subsection.5.2.3}{Agentes con Deep Q-Learning priorizado}{section.5.2}% 76
\BOOKMARK [1][-]{section.5.3}{Comparativa y an\341lisis de los resultados}{chapter.5}% 77
\BOOKMARK [2][-]{subsection.5.3.1}{Comparativa durante el entrenamiento}{section.5.3}% 78
\BOOKMARK [2][-]{subsection.5.3.2}{Comparativa durante la evaluaci\363n}{section.5.3}% 79
\BOOKMARK [2][-]{subsection.5.3.3}{Conclusiones del an\341lisis}{section.5.3}% 80
\BOOKMARK [0][-]{chapter.6}{Conclusiones}{}% 81
\BOOKMARK [1][-]{section.6.1}{Trabajo futuro}{chapter.6}% 82
\BOOKMARK [0][-]{section.6.1}{Bibliograf\355a}{}% 83
\BOOKMARK [0][-]{chapter*.57}{Anexos}{}% 84
\BOOKMARK [0][-]{appendix.Alph1}{Ficheros de configuraci\363n}{}% 85
\BOOKMARK [1][-]{section.Alph1.1}{Fichero base}{appendix.Alph1}% 86
\BOOKMARK [1][-]{section.Alph1.2}{Ficheros de entrenamiento}{appendix.Alph1}% 87
\BOOKMARK [1][-]{section.Alph1.3}{Ficheros de benchmark}{appendix.Alph1}% 88
\BOOKMARK [1][-]{section.Alph1.4}{Fichero de generaci\363n de video}{appendix.Alph1}% 89
